<?xml version="1.0" encoding="UTF-8"?>
<!-- Generated by org.testng.reporters.JUnitXMLReporter -->
<testsuite ignored="3" hostname="ImransDell" failures="0" tests="1" name="Default test" time="3.54" errors="0" timestamp="2024-10-26T18:43:49 IST">
  <testcase classname="com.mart.test.Productadd" name="getOtpFromDatabase" time="1.018"/>
  <testcase classname="com.mart.test.Productadd" name="addProductByAdmin" time="0.0">
    <ignored/>
  </testcase> <!-- addProductByAdmin -->
  <testcase classname="com.mart.test.Productadd" name="loginAdminUsingOtp" time="0.0">
    <ignored/>
  </testcase> <!-- loginAdminUsingOtp -->
  <testcase classname="com.mart.test.Productadd" name="requestOTP" time="0.0">
    <ignored/>
  </testcase> <!-- requestOTP -->
</testsuite> <!-- Default test -->
