<?xml version="1.0" encoding="UTF-8"?>
<!-- Generated by org.testng.reporters.JUnitXMLReporter -->
<testsuite ignored="0" hostname="ImransDell" failures="0" tests="4" name="Test" time="9.61" errors="0" timestamp="2024-10-26T18:50:36 IST">
  <testcase classname="com.mart.test.Productadd" name="requestOTP" time="5.173"/>
  <testcase classname="com.mart.test.Productadd" name="getOtpFromDatabase" time="0.49"/>
  <testcase classname="com.mart.test.Productadd" name="loginAdminUsingOtp" time="0.2"/>
  <testcase classname="com.mart.test.Productadd" name="addProductByAdmin" time="1.273"/>
</testsuite> <!-- Test -->
